# JRE version: Java(TM) SE Runtime Environment (17.0.9+11) (build 17.0.9+11-LTS-201)
# Java VM: Java HotSpot(TM) 64-Bit Server VM (17.0.9+11-LTS-201, mixed mode, emulated-client, sharing, tiered, compressed oops, compressed class ptrs, g1 gc, windows-amd64)
GC Precious Log:
 CPUs: 20 total, 20 available
 Memory: 7812M
 Large Page Support: Disabled
 NUMA Support: Disabled
 Compressed Oops: Enabled (32-bit)
 Heap Region Size: 1M
 Heap Min Capacity: 8M
 Heap Initial Capacity: 124M
 Heap Max Capacity: 1954M
 Pre-touch: Disabled
 Parallel Workers: 15
 Concurrent Workers: 4
 Concurrent Refinement Workers: 15
 Periodic GC: Disabled
Heap:
 garbage-first heap   total 126976K, used 31063K [0x0000000085e00000, 0x0000000100000000)
  region size 1024K, 4 young (4096K), 4 survivors (4096K)
 Metaspace       used 21855K, committed 22208K, reserved 1114112K
  class space    used 3028K, committed 3200K, reserved 1048576K
GC Heap History (13 events):
Event: 0.580 GC heap before
{Heap before GC invocations=0 (full 0):
 garbage-first heap   total 126976K, used 24576K [0x0000000085e00000, 0x0000000100000000)
  region size 1024K, 23 young (23552K), 0 survivors (0K)
 Metaspace       used 6778K, committed 6976K, reserved 1114112K
  class space    used 861K, committed 960K, reserved 1048576K
}
Event: 0.586 GC heap after
{Heap after GC invocations=1 (full 0):
 garbage-first heap   total 126976K, used 10184K [0x0000000085e00000, 0x0000000100000000)
  region size 1024K, 3 young (3072K), 3 survivors (3072K)
 Metaspace       used 6778K, committed 6976K, reserved 1114112K
  class space    used 861K, committed 960K, reserved 1048576K
}
Event: 0.853 GC heap before
{Heap before GC invocations=1 (full 0):
 garbage-first heap   total 126976K, used 35784K [0x0000000085e00000, 0x0000000100000000)
  region size 1024K, 29 young (29696K), 3 survivors (3072K)
 Metaspace       used 10864K, committed 11200K, reserved 1114112K
  class space    used 1501K, committed 1664K, reserved 1048576K
}
Event: 0.856 GC heap after
{Heap after GC invocations=2 (full 0):
 garbage-first heap   total 126976K, used 11854K [0x0000000085e00000, 0x0000000100000000)
  region size 1024K, 2 young (2048K), 2 survivors (2048K)
 Metaspace       used 10864K, committed 11200K, reserved 1114112K
  class space    used 1501K, committed 1664K, reserved 1048576K
}
Event: 1.211 GC heap before
{Heap before GC invocations=2 (full 0):
 garbage-first heap   total 126976K, used 84558K [0x0000000085e00000, 0x0000000100000000)
  region size 1024K, 74 young (75776K), 2 survivors (2048K)
 Metaspace       used 20041K, committed 20352K, reserved 1114112K
  class space    used 2777K, committed 2944K, reserved 1048576K
}
Event: 1.216 GC heap after
{Heap after GC invocations=3 (full 0):
 garbage-first heap   total 126976K, used 17501K [0x0000000085e00000, 0x0000000100000000)
  region size 1024K, 8 young (8192K), 8 survivors (8192K)
 Metaspace       used 20041K, committed 20352K, reserved 1114112K
  class space    used 2777K, committed 2944K, reserved 1048576K
}
Event: 1.388 GC heap before
{Heap before GC invocations=3 (full 0):
 garbage-first heap   total 126976K, used 65629K [0x0000000085e00000, 0x0000000100000000)
  region size 1024K, 56 young (57344K), 8 survivors (8192K)
 Metaspace       used 21210K, committed 21504K, reserved 1114112K
  class space    used 2945K, committed 3072K, reserved 1048576K
}
Event: 1.392 GC heap after
{Heap after GC invocations=4 (full 0):
 garbage-first heap   total 126976K, used 22802K [0x0000000085e00000, 0x0000000100000000)
  region size 1024K, 6 young (6144K), 6 survivors (6144K)
 Metaspace       used 21210K, committed 21504K, reserved 1114112K
  class space    used 2945K, committed 3072K, reserved 1048576K
}
Event: 1.480 GC heap before
{Heap before GC invocations=5 (full 0):
 garbage-first heap   total 89088K, used 68882K [0x0000000085e00000, 0x0000000100000000)
  region size 1024K, 53 young (54272K), 6 survivors (6144K)
 Metaspace       used 21278K, committed 21632K, reserved 1114112K
  class space    used 2958K, committed 3136K, reserved 1048576K
}
Event: 1.483 GC heap after
{Heap after GC invocations=6 (full 0):
 garbage-first heap   total 89088K, used 27449K [0x0000000085e00000, 0x0000000100000000)
  region size 1024K, 5 young (5120K), 5 survivors (5120K)
 Metaspace       used 21278K, committed 21632K, reserved 1114112K
  class space    used 2958K, committed 3136K, reserved 1048576K
}
Event: 1.485 GC heap before
{Heap before GC invocations=6 (full 0):
 garbage-first heap   total 89088K, used 28473K [0x0000000085e00000, 0x0000000100000000)
  region size 1024K, 6 young (6144K), 5 survivors (5120K)
 Metaspace       used 21278K, committed 21632K, reserved 1114112K
  class space    used 2958K, committed 3136K, reserved 1048576K
}
Event: 1.489 GC heap after
{Heap after GC invocations=7 (full 0):
 garbage-first heap   total 89088K, used 27939K [0x0000000085e00000, 0x0000000100000000)
  region size 1024K, 1 young (1024K), 1 survivors (1024K)
 Metaspace       used 21278K, committed 21632K, reserved 1114112K
  class space    used 2958K, committed 3136K, reserved 1048576K
}
Event: 1.647 GC heap before
{Heap before GC invocations=7 (full 0):
 garbage-first heap   total 89088K, used 62755K [0x0000000085e00000, 0x0000000100000000)
  region size 1024K, 36 young (36864K), 1 survivors (1024K)
 Metaspace       used 21855K, committed 22208K, reserved 1114112K
  class space    used 3028K, committed 3200K, reserved 1048576K
}

