# JRE version: OpenJDK Runtime Environment Corretto-21.0.4.7.1 (21.0.4+7) (build 21.0.4+7-LTS)
# Java VM: OpenJDK 64-Bit Server VM Corretto-21.0.4.7.1 (21.0.4+7-LTS, mixed mode, sharing, tiered, compressed oops, compressed class ptrs, g1 gc, windows-amd64)
GC Precious Log:
 CardTable entry size: 512
 Card Set container configuration: InlinePtr #cards 5 size 8 Array Of Cards #cards 12 size 40 Howl #buckets 4 coarsen threshold 1843 Howl Bitmap #cards 512 size 80 coarsen threshold 460 Card regions per heap region 1 cards per card region 2048
 CPUs: 12 total, 12 available
 Memory: 7532M
 Large Page Support: Disabled
 NUMA Support: Disabled
 Compressed Oops: Enabled (32-bit)
 Heap Region Size: 1M
 Heap Min Capacity: 256M
 Heap Initial Capacity: 256M
 Heap Max Capacity: 512M
 Pre-touch: Disabled
 Parallel Workers: 10
 Concurrent Workers: 3
 Concurrent Refinement Workers: 10
 Periodic GC: Disabled
Heap:
 garbage-first heap   total 262144K, used 60314K [0x00000000e0000000, 0x0000000100000000)
  region size 1024K, 21 young (21504K), 8 survivors (8192K)
 Metaspace       used 60880K, committed 62784K, reserved 393216K
  class space    used 8847K, committed 9792K, reserved 327680K
GC Heap History (20 events):
Event: 0.342 GC heap before
{Heap before GC invocations=0 (full 0):
 garbage-first heap   total 262144K, used 22528K [0x00000000e0000000, 0x0000000100000000)
  region size 1024K, 23 young (23552K), 0 survivors (0K)
 Metaspace       used 1070K, committed 1216K, reserved 393216K
  class space    used 77K, committed 128K, reserved 327680K
}
Event: 0.345 GC heap after
{Heap after GC invocations=1 (full 0):
 garbage-first heap   total 262144K, used 3379K [0x00000000e0000000, 0x0000000100000000)
  region size 1024K, 3 young (3072K), 3 survivors (3072K)
 Metaspace       used 1070K, committed 1216K, reserved 393216K
  class space    used 77K, committed 128K, reserved 327680K
}
Event: 0.759 GC heap before
{Heap before GC invocations=1 (full 0):
 garbage-first heap   total 262144K, used 39219K [0x00000000e0000000, 0x0000000100000000)
  region size 1024K, 36 young (36864K), 3 survivors (3072K)
 Metaspace       used 4353K, committed 4544K, reserved 393216K
  class space    used 540K, committed 640K, reserved 327680K
}
Event: 0.764 GC heap after
{Heap after GC invocations=2 (full 0):
 garbage-first heap   total 262144K, used 11096K [0x00000000e0000000, 0x0000000100000000)
  region size 1024K, 5 young (5120K), 5 survivors (5120K)
 Metaspace       used 4353K, committed 4544K, reserved 393216K
  class space    used 540K, committed 640K, reserved 327680K
}
Event: 1.166 GC heap before
{Heap before GC invocations=2 (full 0):
 garbage-first heap   total 262144K, used 60248K [0x00000000e0000000, 0x0000000100000000)
  region size 1024K, 51 young (52224K), 5 survivors (5120K)
 Metaspace       used 5127K, committed 5312K, reserved 393216K
  class space    used 673K, committed 768K, reserved 327680K
}
Event: 1.173 GC heap after
{Heap after GC invocations=3 (full 0):
 garbage-first heap   total 262144K, used 16999K [0x00000000e0000000, 0x0000000100000000)
  region size 1024K, 5 young (5120K), 5 survivors (5120K)
 Metaspace       used 5127K, committed 5312K, reserved 393216K
  class space    used 673K, committed 768K, reserved 327680K
}
Event: 2.625 GC heap before
{Heap before GC invocations=3 (full 0):
 garbage-first heap   total 262144K, used 106087K [0x00000000e0000000, 0x0000000100000000)
  region size 1024K, 93 young (95232K), 5 survivors (5120K)
 Metaspace       used 20874K, committed 21504K, reserved 393216K
  class space    used 3030K, committed 3328K, reserved 327680K
}
Event: 2.636 GC heap after
{Heap after GC invocations=4 (full 0):
 garbage-first heap   total 262144K, used 24184K [0x00000000e0000000, 0x0000000100000000)
  region size 1024K, 12 young (12288K), 12 survivors (12288K)
 Metaspace       used 20874K, committed 21504K, reserved 393216K
  class space    used 3030K, committed 3328K, reserved 327680K
}
Event: 3.790 GC heap before
{Heap before GC invocations=5 (full 0):
 garbage-first heap   total 262144K, used 117368K [0x00000000e0000000, 0x0000000100000000)
  region size 1024K, 104 young (106496K), 12 survivors (12288K)
 Metaspace       used 34712K, committed 35968K, reserved 393216K
  class space    used 5093K, committed 5696K, reserved 327680K
}
Event: 3.802 GC heap after
{Heap after GC invocations=6 (full 0):
 garbage-first heap   total 262144K, used 31360K [0x00000000e0000000, 0x0000000100000000)
  region size 1024K, 14 young (14336K), 14 survivors (14336K)
 Metaspace       used 34712K, committed 35968K, reserved 393216K
  class space    used 5093K, committed 5696K, reserved 327680K
}
Event: 3.822 GC heap before
{Heap before GC invocations=6 (full 0):
 garbage-first heap   total 262144K, used 32384K [0x00000000e0000000, 0x0000000100000000)
  region size 1024K, 16 young (16384K), 14 survivors (14336K)
 Metaspace       used 35062K, committed 36288K, reserved 393216K
  class space    used 5139K, committed 5760K, reserved 327680K
}
Event: 3.834 GC heap after
{Heap after GC invocations=7 (full 0):
 garbage-first heap   total 262144K, used 30823K [0x00000000e0000000, 0x0000000100000000)
  region size 1024K, 7 young (7168K), 7 survivors (7168K)
 Metaspace       used 35062K, committed 36288K, reserved 393216K
  class space    used 5139K, committed 5760K, reserved 327680K
}
Event: 3.850 GC heap before
{Heap before GC invocations=7 (full 0):
 garbage-first heap   total 262144K, used 31847K [0x00000000e0000000, 0x0000000100000000)
  region size 1024K, 9 young (9216K), 7 survivors (7168K)
 Metaspace       used 35321K, committed 36608K, reserved 393216K
  class space    used 5184K, committed 5824K, reserved 327680K
}
Event: 3.856 GC heap after
{Heap after GC invocations=8 (full 0):
 garbage-first heap   total 262144K, used 31063K [0x00000000e0000000, 0x0000000100000000)
  region size 1024K, 8 young (8192K), 8 survivors (8192K)
 Metaspace       used 35321K, committed 36608K, reserved 393216K
  class space    used 5184K, committed 5824K, reserved 327680K
}
Event: 5.592 GC heap before
{Heap before GC invocations=9 (full 0):
 garbage-first heap   total 262144K, used 185687K [0x00000000e0000000, 0x0000000100000000)
  region size 1024K, 153 young (156672K), 8 survivors (8192K)
 Metaspace       used 48536K, committed 50176K, reserved 393216K
  class space    used 7000K, committed 7808K, reserved 327680K
}
Event: 5.607 GC heap after
{Heap after GC invocations=10 (full 0):
 garbage-first heap   total 262144K, used 40597K [0x00000000e0000000, 0x0000000100000000)
  region size 1024K, 17 young (17408K), 17 survivors (17408K)
 Metaspace       used 48536K, committed 50176K, reserved 393216K
  class space    used 7000K, committed 7808K, reserved 327680K
}
Event: 6.809 GC heap before
{Heap before GC invocations=10 (full 0):
 garbage-first heap   total 262144K, used 163477K [0x00000000e0000000, 0x0000000100000000)
  region size 1024K, 138 young (141312K), 17 survivors (17408K)
 Metaspace       used 59535K, committed 61440K, reserved 393216K
  class space    used 8606K, committed 9536K, reserved 327680K
}
Event: 6.828 GC heap after
{Heap after GC invocations=11 (full 0):
 garbage-first heap   total 262144K, used 46703K [0x00000000e0000000, 0x0000000100000000)
  region size 1024K, 17 young (17408K), 17 survivors (17408K)
 Metaspace       used 59535K, committed 61440K, reserved 393216K
  class space    used 8606K, committed 9536K, reserved 327680K
}
Event: 6.858 GC heap before
{Heap before GC invocations=11 (full 0):
 garbage-first heap   total 262144K, used 49775K [0x00000000e0000000, 0x0000000100000000)
  region size 1024K, 21 young (21504K), 17 survivors (17408K)
 Metaspace       used 59898K, committed 61760K, reserved 393216K
  class space    used 8657K, committed 9600K, reserved 327680K
}
Event: 6.870 GC heap after
{Heap after GC invocations=12 (full 0):
 garbage-first heap   total 262144K, used 48026K [0x00000000e0000000, 0x0000000100000000)
  region size 1024K, 8 young (8192K), 8 survivors (8192K)
 Metaspace       used 59898K, committed 61760K, reserved 393216K
  class space    used 8657K, committed 9600K, reserved 327680K
}

