# JRE version: Java(TM) SE Runtime Environment (17.0.9+11) (build 17.0.9+11-LTS-201)
# Java VM: Java HotSpot(TM) 64-Bit Server VM (17.0.9+11-LTS-201, mixed mode, emulated-client, sharing, tiered, compressed oops, compressed class ptrs, g1 gc, windows-amd64)
GC Precious Log:
 CPUs: 20 total, 20 available
 Memory: 7812M
 Large Page Support: Disabled
 NUMA Support: Disabled
 Compressed Oops: Enabled (32-bit)
 Heap Region Size: 1M
 Heap Min Capacity: 8M
 Heap Initial Capacity: 124M
 Heap Max Capacity: 1954M
 Pre-touch: Disabled
 Parallel Workers: 15
 Concurrent Workers: 4
 Concurrent Refinement Workers: 15
 Periodic GC: Disabled
Heap:
 garbage-first heap   total 126976K, used 58709K [0x0000000085e00000, 0x0000000100000000)
  region size 1024K, 4 young (4096K), 4 survivors (4096K)
 Metaspace       used 63799K, committed 64384K, reserved 1114112K
  class space    used 9198K, committed 9472K, reserved 1048576K
GC Heap History (20 events):
Event: 3.364 GC heap after
{Heap after GC invocations=10 (full 0):
 garbage-first heap   total 96256K, used 38287K [0x0000000085e00000, 0x0000000100000000)
  region size 1024K, 5 young (5120K), 5 survivors (5120K)
 Metaspace       used 28197K, committed 28608K, reserved 1114112K
  class space    used 3986K, committed 4160K, reserved 1048576K
}
Event: 3.461 GC heap before
{Heap before GC invocations=10 (full 0):
 garbage-first heap   total 96256K, used 74127K [0x0000000085e00000, 0x0000000100000000)
  region size 1024K, 40 young (40960K), 5 survivors (5120K)
 Metaspace       used 28219K, committed 28608K, reserved 1114112K
  class space    used 3987K, committed 4160K, reserved 1048576K
}
Event: 3.464 GC heap after
{Heap after GC invocations=11 (full 0):
 garbage-first heap   total 96256K, used 41394K [0x0000000085e00000, 0x0000000100000000)
  region size 1024K, 3 young (3072K), 3 survivors (3072K)
 Metaspace       used 28219K, committed 28608K, reserved 1114112K
  class space    used 3987K, committed 4160K, reserved 1048576K
}
Event: 3.659 GC heap before
{Heap before GC invocations=11 (full 0):
 garbage-first heap   total 96256K, used 75186K [0x0000000085e00000, 0x0000000100000000)
  region size 1024K, 36 young (36864K), 3 survivors (3072K)
 Metaspace       used 28325K, committed 28672K, reserved 1114112K
  class space    used 3993K, committed 4160K, reserved 1048576K
}
Event: 3.661 GC heap after
{Heap after GC invocations=12 (full 0):
 garbage-first heap   total 116736K, used 42708K [0x0000000085e00000, 0x0000000100000000)
  region size 1024K, 2 young (2048K), 2 survivors (2048K)
 Metaspace       used 28325K, committed 28672K, reserved 1114112K
  class space    used 3993K, committed 4160K, reserved 1048576K
}
Event: 4.214 GC heap before
{Heap before GC invocations=12 (full 0):
 garbage-first heap   total 116736K, used 91860K [0x0000000085e00000, 0x0000000100000000)
  region size 1024K, 50 young (51200K), 2 survivors (2048K)
 Metaspace       used 32283K, committed 32704K, reserved 1114112K
  class space    used 4584K, committed 4800K, reserved 1048576K
}
Event: 4.217 GC heap after
{Heap after GC invocations=13 (full 0):
 garbage-first heap   total 116736K, used 46051K [0x0000000085e00000, 0x0000000100000000)
  region size 1024K, 5 young (5120K), 5 survivors (5120K)
 Metaspace       used 32283K, committed 32704K, reserved 1114112K
  class space    used 4584K, committed 4800K, reserved 1048576K
}
Event: 4.594 GC heap before
{Heap before GC invocations=13 (full 0):
 garbage-first heap   total 116736K, used 73699K [0x0000000085e00000, 0x0000000100000000)
  region size 1024K, 33 young (33792K), 5 survivors (5120K)
 Metaspace       used 35674K, committed 36096K, reserved 1114112K
  class space    used 5073K, committed 5248K, reserved 1048576K
}
Event: 4.598 GC heap after
{Heap after GC invocations=14 (full 0):
 garbage-first heap   total 116736K, used 48194K [0x0000000085e00000, 0x0000000100000000)
  region size 1024K, 6 young (6144K), 6 survivors (6144K)
 Metaspace       used 35674K, committed 36096K, reserved 1114112K
  class space    used 5073K, committed 5248K, reserved 1048576K
}
Event: 5.382 GC heap before
{Heap before GC invocations=15 (full 0):
 garbage-first heap   total 116736K, used 93250K [0x0000000085e00000, 0x0000000100000000)
  region size 1024K, 50 young (51200K), 6 survivors (6144K)
 Metaspace       used 38754K, committed 39296K, reserved 1114112K
  class space    used 5504K, committed 5760K, reserved 1048576K
}
Event: 5.386 GC heap after
{Heap after GC invocations=16 (full 0):
 garbage-first heap   total 116736K, used 50423K [0x0000000085e00000, 0x0000000100000000)
  region size 1024K, 5 young (5120K), 5 survivors (5120K)
 Metaspace       used 38754K, committed 39296K, reserved 1114112K
  class space    used 5504K, committed 5760K, reserved 1048576K
}
Event: 5.388 GC heap before
{Heap before GC invocations=16 (full 0):
 garbage-first heap   total 116736K, used 51447K [0x0000000085e00000, 0x0000000100000000)
  region size 1024K, 6 young (6144K), 5 survivors (5120K)
 Metaspace       used 38754K, committed 39296K, reserved 1114112K
  class space    used 5504K, committed 5760K, reserved 1048576K
}
Event: 5.390 GC heap after
{Heap after GC invocations=17 (full 0):
 garbage-first heap   total 116736K, used 49669K [0x0000000085e00000, 0x0000000100000000)
  region size 1024K, 1 young (1024K), 1 survivors (1024K)
 Metaspace       used 38754K, committed 39296K, reserved 1114112K
  class space    used 5504K, committed 5760K, reserved 1048576K
}
Event: 5.713 GC heap before
{Heap before GC invocations=17 (full 0):
 garbage-first heap   total 116736K, used 93701K [0x0000000085e00000, 0x0000000100000000)
  region size 1024K, 44 young (45056K), 1 survivors (1024K)
 Metaspace       used 42495K, committed 43008K, reserved 1114112K
  class space    used 6046K, committed 6272K, reserved 1048576K
}
Event: 5.715 GC heap after
{Heap after GC invocations=18 (full 0):
 garbage-first heap   total 116736K, used 52603K [0x0000000085e00000, 0x0000000100000000)
  region size 1024K, 4 young (4096K), 4 survivors (4096K)
 Metaspace       used 42495K, committed 43008K, reserved 1114112K
  class space    used 6046K, committed 6272K, reserved 1048576K
}
Event: 6.542 GC heap before
{Heap before GC invocations=18 (full 0):
 garbage-first heap   total 116736K, used 94587K [0x0000000085e00000, 0x0000000100000000)
  region size 1024K, 45 young (46080K), 4 survivors (4096K)
 Metaspace       used 54056K, committed 54592K, reserved 1114112K
  class space    used 7660K, committed 7936K, reserved 1048576K
}
Event: 6.545 GC heap after
{Heap after GC invocations=19 (full 0):
 garbage-first heap   total 116736K, used 55530K [0x0000000085e00000, 0x0000000100000000)
  region size 1024K, 3 young (3072K), 3 survivors (3072K)
 Metaspace       used 54056K, committed 54592K, reserved 1114112K
  class space    used 7660K, committed 7936K, reserved 1048576K
}
Event: 6.986 GC heap before
{Heap before GC invocations=19 (full 0):
 garbage-first heap   total 116736K, used 94442K [0x0000000085e00000, 0x0000000100000000)
  region size 1024K, 41 young (41984K), 3 survivors (3072K)
 Metaspace       used 59198K, committed 59776K, reserved 1114112K
  class space    used 8324K, committed 8576K, reserved 1048576K
}
Event: 6.989 GC heap after
{Heap after GC invocations=20 (full 0):
 garbage-first heap   total 116736K, used 57797K [0x0000000085e00000, 0x0000000100000000)
  region size 1024K, 6 young (6144K), 6 survivors (6144K)
 Metaspace       used 59198K, committed 59776K, reserved 1114112K
  class space    used 8324K, committed 8576K, reserved 1048576K
}
Event: 7.396 GC heap before
{Heap before GC invocations=21 (full 0):
 garbage-first heap   total 116736K, used 94661K [0x0000000085e00000, 0x0000000100000000)
  region size 1024K, 42 young (43008K), 6 survivors (6144K)
 Metaspace       used 63799K, committed 64384K, reserved 1114112K
  class space    used 9198K, committed 9472K, reserved 1048576K
}

